[2026-05-07 08:41:05.496] [info] [:] Logger initialized. Level=info, File=./logs/backend.log
[2026-05-07 08:41:05.496] [info] [:] ============================================
[2026-05-07 08:41:05.496] [info] [:]   Drone Backend v1.0.0
[2026-05-07 08:41:05.496] [info] [:]   HTTP :8080  WS :8081
[2026-05-07 08:41:05.497] [info] [:] ============================================
[2026-05-07 08:41:05.497] [info] [:] DroneManager created
[2026-05-07 08:41:05.497] [info] [:] [UdpReceiver] Slot 1: listening port 8888 for drone 1
[2026-05-07 08:41:05.497] [info] [:] [UdpReceiver] Slot 2: listening port 8890 for drone 2
[2026-05-07 08:41:05.497] [info] [:] [UdpReceiver] Slot 3: listening port 8892 for drone 3
[2026-05-07 08:41:05.498] [info] [:] [UdpReceiver] Slot 4: listening port 8894 for drone 4
[2026-05-07 08:41:05.498] [info] [:] [UdpReceiver] Slot 5: listening port 8896 for drone 5
[2026-05-07 08:41:05.498] [info] [:] [UdpReceiver] Slot 6: listening port 8898 for drone 6
[2026-05-07 08:41:05.499] [info] [:] [UdpSender] Drone 1 target set: 192.168.30.104:8889
[2026-05-07 08:41:05.500] [info] [:] [UdpSender] Drone 2 target set: 192.168.30.104:8891
[2026-05-07 08:41:05.500] [info] [:] [UdpSender] Drone 3 target set: 192.168.30.104:8893
[2026-05-07 08:41:05.500] [info] [:] [UdpSender] Drone 4 target set: 192.168.30.104:8895
[2026-05-07 08:41:05.501] [info] [:] [UdpSender] Drone 5 target set: 192.168.30.104:8897
[2026-05-07 08:41:05.501] [info] [:] [UdpSender] Drone 6 target set: 192.168.30.104:8899
[2026-05-07 08:41:05.501] [info] [:] [UdpReceiver] Listening on port 8888
[2026-05-07 08:41:05.502] [info] [:] [UdpReceiver] Listening on port 8890
[2026-05-07 08:41:05.502] [info] [:] [UdpReceiver] Listening on port 8892
[2026-05-07 08:41:05.502] [info] [:] [UdpReceiver] Listening on port 8894
[2026-05-07 08:41:05.503] [info] [:] [UdpReceiver] Listening on port 8896
[2026-05-07 08:41:05.503] [info] [:] [UdpReceiver] Listening on port 8898
[2026-05-07 08:41:05.504] [info] [:] Backend started. Press Ctrl+C to stop.
[2026-05-07 08:41:05.505] [info] [:] [HTTP] Listening on 0.0.0.0:8080
[2026-05-07 08:41:05.505] [info] [:] [WS] Listening on 0.0.0.0:8081
[2026-05-07 08:41:05.525] [warning] [:] Telemetry for unregistered slot 2
[2026-05-07 08:41:05.526] [warning] [:] Telemetry for unregistered slot 1
[2026-05-07 08:41:05.635] [warning] [:] Telemetry for unregistered slot 1
[2026-05-07 08:41:05.637] [warning] [:] Telemetry for unregistered slot 2
[2026-05-07 08:41:05.742] [warning] [:] Telemetry for unregistered slot 1
[2026-05-07 08:41:05.744] [warning] [:] Telemetry for unregistered slot 2
[2026-05-07 08:41:05.851] [warning] [:] Telemetry for unregistered slot 1
[2026-05-07 08:41:05.853] [warning] [:] Telemetry for unregistered slot 2
[2026-05-07 08:41:05.958] [warning] [:] Telemetry for unregistered slot 2
[2026-05-07 08:41:05.959] [warning] [:] Telemetry for unregistered slot 1
[2026-05-07 08:41:06.067] [warning] [:] Telemetry for unregistered slot 2
[2026-05-07 08:41:06.068] [warning] [:] Telemetry for unregistered slot 1
[2026-05-07 08:41:06.173] [warning] [:] Telemetry for unregistered slot 1
[2026-05-07 08:41:06.174] [warning] [:] Telemetry for unregistered slot 2
[2026-05-07 08:41:06.282] [warning] [:] Telemetry for unregistered slot 1
[2026-05-07 08:41:06.284] [warning] [:] Telemetry for unregistered slot 2
[2026-05-07 08:41:06.390] [warning] [:] Telemetry for unregistered slot 2
[2026-05-07 08:41:06.392] [warning] [:] Telemetry for unregistered slot 1
[2026-05-07 08:41:06.499] [warning] [:] Telemetry for unregistered slot 1
[2026-05-07 08:41:06.501] [warning] [:] Telemetry for unregistered slot 2
[2026-05-07 08:41:06.606] [warning] [:] Telemetry for unregistered slot 2
[2026-05-07 08:41:06.608] [warning] [:] Telemetry for unregistered slot 1
[2026-05-07 08:41:06.714] [warning] [:] Telemetry for unregistered slot 1
[2026-05-07 08:41:06.715] [warning] [:] Telemetry for unregistered slot 2
[2026-05-07 08:41:06.823] [warning] [:] Telemetry for unregistered slot 2
[2026-05-07 08:41:06.825] [warning] [:] Telemetry for unregistered slot 1
[2026-05-07 08:41:06.935] [warning] [:] Telemetry for unregistered slot 1
[2026-05-07 08:41:06.937] [warning] [:] Telemetry for unregistered slot 2
[2026-05-07 08:41:07.043] [warning] [:] Telemetry for unregistered slot 1
[2026-05-07 08:41:07.046] [warning] [:] Telemetry for unregistered slot 2
[2026-05-07 08:41:07.153] [warning] [:] Telemetry for unregistered slot 2
[2026-05-07 08:41:07.155] [warning] [:] Telemetry for unregistered slot 1
[2026-05-07 08:41:07.262] [warning] [:] Telemetry for unregistered slot 1
[2026-05-07 08:41:07.264] [warning] [:] Telemetry for unregistered slot 2
[2026-05-07 08:41:07.369] [warning] [:] Telemetry for unregistered slot 1
[2026-05-07 08:41:07.374] [warning] [:] Telemetry for unregistered slot 2
[2026-05-07 08:41:07.478] [warning] [:] Telemetry for unregistered slot 2
[2026-05-07 08:41:07.479] [warning] [:] Telemetry for unregistered slot 1
[2026-05-07 08:41:07.587] [warning] [:] Telemetry for unregistered slot 1
[2026-05-07 08:41:07.588] [warning] [:] Telemetry for unregistered slot 2
[2026-05-07 08:41:07.697] [warning] [:] Telemetry for unregistered slot 2
[2026-05-07 08:41:07.697] [warning] [:] Telemetry for unregistered slot 1
[2026-05-07 08:41:07.805] [warning] [:] Telemetry for unregistered slot 1
[2026-05-07 08:41:07.807] [warning] [:] Telemetry for unregistered slot 2
[2026-05-07 08:41:07.914] [warning] [:] Telemetry for unregistered slot 1
[2026-05-07 08:41:07.916] [warning] [:] Telemetry for unregistered slot 2
[2026-05-07 08:41:08.022] [warning] [:] Telemetry for unregistered slot 2
[2026-05-07 08:41:08.023] [warning] [:] Telemetry for unregistered slot 1
[2026-05-07 08:41:08.132] [warning] [:] Telemetry for unregistered slot 2
[2026-05-07 08:41:08.133] [warning] [:] Telemetry for unregistered slot 1
[2026-05-07 08:41:08.241] [warning] [:] Telemetry for unregistered slot 2
[2026-05-07 08:41:08.242] [warning] [:] Telemetry for unregistered slot 1
[2026-05-07 08:41:08.351] [warning] [:] Telemetry for unregistered slot 2
[2026-05-07 08:41:08.360] [warning] [:] Telemetry for unregistered slot 1
[2026-05-07 08:41:08.459] [warning] [:] Telemetry for unregistered slot 1
[2026-05-07 08:41:08.461] [warning] [:] Telemetry for unregistered slot 2
[2026-05-07 08:41:08.569] [warning] [:] Telemetry for unregistered slot 2
[2026-05-07 08:41:08.570] [warning] [:] Telemetry for unregistered slot 1
[2026-05-07 08:41:08.678] [warning] [:] Telemetry for unregistered slot 1
[2026-05-07 08:41:08.679] [warning] [:] Telemetry for unregistered slot 2
[2026-05-07 08:41:08.789] [warning] [:] Telemetry for unregistered slot 1
[2026-05-07 08:41:08.790] [warning] [:] Telemetry for unregistered slot 2
[2026-05-07 08:41:08.898] [warning] [:] Telemetry for unregistered slot 1
[2026-05-07 08:41:08.901] [warning] [:] Telemetry for unregistered slot 2
[2026-05-07 08:41:09.006] [warning] [:] Telemetry for unregistered slot 2
[2026-05-07 08:41:09.007] [warning] [:] Telemetry for unregistered slot 1
[2026-05-07 08:41:09.114] [warning] [:] Telemetry for unregistered slot 1
[2026-05-07 08:41:09.115] [warning] [:] Telemetry for unregistered slot 2
[2026-05-07 08:41:09.223] [warning] [:] Telemetry for unregistered slot 2
[2026-05-07 08:41:09.228] [warning] [:] Telemetry for unregistered slot 1
[2026-05-07 08:41:09.334] [warning] [:] Telemetry for unregistered slot 1
[2026-05-07 08:41:09.335] [warning] [:] Telemetry for unregistered slot 2
[2026-05-07 08:41:09.445] [warning] [:] Telemetry for unregistered slot 1
[2026-05-07 08:41:09.446] [warning] [:] Telemetry for unregistered slot 2
[2026-05-07 08:41:09.549] [warning] [:] Telemetry for unregistered slot 2
[2026-05-07 08:41:09.558] [warning] [:] Telemetry for unregistered slot 1
[2026-05-07 08:41:09.653] [warning] [:] Telemetry for unregistered slot 2
[2026-05-07 08:41:09.656] [warning] [:] Telemetry for unregistered slot 1
[2026-05-07 08:41:09.764] [warning] [:] Telemetry for unregistered slot 1
[2026-05-07 08:41:09.769] [warning] [:] Telemetry for unregistered slot 2
[2026-05-07 08:41:09.770] [info] [:] Shutdown signal received...
[2026-05-07 08:41:10.562] [info] [:] Shutting down...
[2026-05-07 08:41:10.565] [info] [:] [UdpReceiver] Stopped
[2026-05-07 08:41:10.565] [info] [:] [Heartbeat] All stopped
[2026-05-07 08:41:10.626] [info] [:] Backend shutdown complete.
[2026-05-07 08:41:10.629] [info] [:] DroneManager destroyed
[2026-05-07 08:41:10.629] [info] [:] [Heartbeat] All stopped
[2026-05-07 08:41:10.629] [info] [:] [UdpSender] Destroyed
